<?xml version="1.0" encoding="UTF-8"?>
<testsuite xmlns:xsi="http://www.w3.org/2001/XMLSchema-instance" xsi:noNamespaceSchemaLocation="https://maven.apache.org/surefire/maven-surefire-plugin/xsd/surefire-test-report.xsd" name="com.miniontoby.ModUpdater.AppTest" time="2.278" tests="1" errors="0" skipped="0" failures="0">
  <properties>
    <property name="awt.toolkit" value="sun.awt.X11.XToolkit"/>
    <property name="java.specification.version" value="11"/>
    <property name="sun.cpu.isalist" value=""/>
    <property name="sun.jnu.encoding" value="ISO-8859-1"/>
    <property name="java.class.path" value="/home/pi/modupdater-java/ModUpdater/target/test-classes:/home/pi/modupdater-java/ModUpdater/target/classes:/home/pi/.m2/repository/junit/junit/4.13.2/junit-4.13.2.jar:/home/pi/.m2/repository/org/hamcrest/hamcrest-core/1.3/hamcrest-core-1.3.jar:/home/pi/.m2/repository/com/google/code/gson/gson/2.8.9/gson-2.8.9.jar:/home/pi/.m2/repository/commons-io/commons-io/2.9.0/commons-io-2.9.0.jar:"/>
    <property name="java.vm.vendor" value="Raspbian"/>
    <property name="sun.arch.data.model" value="32"/>
    <property name="java.vendor.url" value="Unknown"/>
    <property name="user.timezone" value=""/>
    <property name="java.vm.specification.version" value="11"/>
    <property name="os.name" value="Linux"/>
    <property name="sun.java.launcher" value="SUN_STANDARD"/>
    <property name="user.country" value="GB"/>
    <property name="sun.boot.library.path" value="/usr/lib/jvm/java-11-openjdk-armhf/lib"/>
    <property name="sun.java.command" value="/home/pi/modupdater-java/ModUpdater/target/surefire/surefirebooter5766513031079895050.jar /home/pi/modupdater-java/ModUpdater/target/surefire 2022-03-02T14-55-48_098-jvmRun1 surefire6754694486047373729tmp surefire_011792842707266236274tmp"/>
    <property name="jdk.debug" value="release"/>
    <property name="surefire.test.class.path" value="/home/pi/modupdater-java/ModUpdater/target/test-classes:/home/pi/modupdater-java/ModUpdater/target/classes:/home/pi/.m2/repository/junit/junit/4.13.2/junit-4.13.2.jar:/home/pi/.m2/repository/org/hamcrest/hamcrest-core/1.3/hamcrest-core-1.3.jar:/home/pi/.m2/repository/com/google/code/gson/gson/2.8.9/gson-2.8.9.jar:/home/pi/.m2/repository/commons-io/commons-io/2.9.0/commons-io-2.9.0.jar:"/>
    <property name="sun.cpu.endian" value="little"/>
    <property name="user.home" value="/home/pi"/>
    <property name="user.language" value="en"/>
    <property name="java.specification.vendor" value="Oracle Corporation"/>
    <property name="java.version.date" value="2021-07-20"/>
    <property name="java.home" value="/usr/lib/jvm/java-11-openjdk-armhf"/>
    <property name="file.separator" value="/"/>
    <property name="basedir" value="/home/pi/modupdater-java/ModUpdater"/>
    <property name="line.separator" value="&#10;"/>
    <property name="java.specification.name" value="Java Platform API Specification"/>
    <property name="java.vm.specification.vendor" value="Oracle Corporation"/>
    <property name="java.awt.graphicsenv" value="sun.awt.X11GraphicsEnvironment"/>
    <property name="surefire.real.class.path" value="/home/pi/modupdater-java/ModUpdater/target/surefire/surefirebooter5766513031079895050.jar"/>
    <property name="sun.management.compiler" value="HotSpot Tiered Compilers"/>
    <property name="java.runtime.version" value="11.0.12+7-post-Raspbian-2deb10u1"/>
    <property name="user.name" value="pi"/>
    <property name="path.separator" value=":"/>
    <property name="os.version" value="5.10.63-v7l+"/>
    <property name="java.runtime.name" value="OpenJDK Runtime Environment"/>
    <property name="file.encoding" value="ISO-8859-1"/>
    <property name="java.vm.name" value="OpenJDK Server VM"/>
    <property name="localRepository" value="/home/pi/.m2/repository"/>
    <property name="java.vendor.url.bug" value="Unknown"/>
    <property name="java.io.tmpdir" value="/tmp"/>
    <property name="java.version" value="11.0.12"/>
    <property name="user.dir" value="/home/pi/modupdater-java/ModUpdater"/>
    <property name="os.arch" value="arm"/>
    <property name="java.vm.specification.name" value="Java Virtual Machine Specification"/>
    <property name="java.awt.printerjob" value="sun.print.PSPrinterJob"/>
    <property name="sun.os.patch.level" value="unknown"/>
    <property name="java.library.path" value="/usr/java/packages/lib:/usr/lib/arm-linux-gnueabihf/jni:/lib/arm-linux-gnueabihf:/usr/lib/arm-linux-gnueabihf:/usr/lib/jni:/lib:/usr/lib"/>
    <property name="java.vm.info" value="mixed mode"/>
    <property name="java.vendor" value="Raspbian"/>
    <property name="java.vm.version" value="11.0.12+7-post-Raspbian-2deb10u1"/>
    <property name="sun.arch.abi" value=""/>
    <property name="sun.io.unicode.encoding" value="UnicodeLittle"/>
    <property name="java.class.version" value="55.0"/>
  </properties>
  <testcase name="testCheckMod" classname="com.miniontoby.ModUpdater.AppTest" time="2.117"/>
</testsuite>